Copyright 1986-2018 Xilinx, Inc. All Rights Reserved.
--------------------------------------------------------------------------------------------------------------------------------------------------------------------------------------
| Tool Version : Vivado v.2018.3 (win64) Build 2405991 Thu Dec  6 23:38:27 MST 2018
| Date         : Fri Nov 22 16:50:33 2019
| Host         : CSE024WK-W10 running 64-bit major release  (build 9200)
| Command      : report_timing_summary -max_paths 10 -file clock_timing_summary_routed.rpt -pb clock_timing_summary_routed.pb -rpx clock_timing_summary_routed.rpx -warn_on_violation
| Design       : clock
| Device       : 7a100t-csg324
| Speed File   : -1  PRODUCTION 1.23 2018-06-13
--------------------------------------------------------------------------------------------------------------------------------------------------------------------------------------

Timing Summary Report

------------------------------------------------------------------------------------------------
| Timer Settings
| --------------
------------------------------------------------------------------------------------------------

  Enable Multi Corner Analysis               :  Yes
  Enable Pessimism Removal                   :  Yes
  Pessimism Removal Resolution               :  Nearest Common Node
  Enable Input Delay Default Clock           :  No
  Enable Preset / Clear Arcs                 :  No
  Disable Flight Delays                      :  No
  Ignore I/O Paths                           :  No
  Timing Early Launch at Borrowing Latches   :  false

  Corner  Analyze    Analyze    
  Name    Max Paths  Min Paths  
  ------  ---------  ---------  
  Slow    Yes        Yes        
  Fast    Yes        Yes        



check_timing report

Table of Contents
-----------------
1. checking no_clock
2. checking constant_clock
3. checking pulse_width_clock
4. checking unconstrained_internal_endpoints
5. checking no_input_delay
6. checking no_output_delay
7. checking multiple_clock
8. checking generated_clocks
9. checking loops
10. checking partial_input_delay
11. checking partial_output_delay
12. checking latch_loops

1. checking no_clock
--------------------
 There are 97 register/latch pins with no clock driven by root clock pin: CLK100MHZ (HIGH)

 There are 16 register/latch pins with no clock driven by root clock pin: ADDOP_reg/Q (HIGH)

 There are 16 register/latch pins with no clock driven by root clock pin: A_reg[0]/Q (HIGH)

 There are 16 register/latch pins with no clock driven by root clock pin: A_reg[0]_rep/Q (HIGH)

 There are 16 register/latch pins with no clock driven by root clock pin: A_reg[0]_rep__0/Q (HIGH)

 There are 16 register/latch pins with no clock driven by root clock pin: A_reg[0]_rep__1/Q (HIGH)

 There are 16 register/latch pins with no clock driven by root clock pin: A_reg[0]_rep__10/Q (HIGH)

 There are 16 register/latch pins with no clock driven by root clock pin: A_reg[0]_rep__11/Q (HIGH)

 There are 16 register/latch pins with no clock driven by root clock pin: A_reg[0]_rep__12/Q (HIGH)

 There are 16 register/latch pins with no clock driven by root clock pin: A_reg[0]_rep__13/Q (HIGH)

 There are 16 register/latch pins with no clock driven by root clock pin: A_reg[0]_rep__14/Q (HIGH)

 There are 16 register/latch pins with no clock driven by root clock pin: A_reg[0]_rep__15/Q (HIGH)

 There are 16 register/latch pins with no clock driven by root clock pin: A_reg[0]_rep__16/Q (HIGH)

 There are 16 register/latch pins with no clock driven by root clock pin: A_reg[0]_rep__17/Q (HIGH)

 There are 16 register/latch pins with no clock driven by root clock pin: A_reg[0]_rep__18/Q (HIGH)

 There are 16 register/latch pins with no clock driven by root clock pin: A_reg[0]_rep__19/Q (HIGH)

 There are 16 register/latch pins with no clock driven by root clock pin: A_reg[0]_rep__2/Q (HIGH)

 There are 16 register/latch pins with no clock driven by root clock pin: A_reg[0]_rep__20/Q (HIGH)

 There are 16 register/latch pins with no clock driven by root clock pin: A_reg[0]_rep__21/Q (HIGH)

 There are 16 register/latch pins with no clock driven by root clock pin: A_reg[0]_rep__22/Q (HIGH)

 There are 16 register/latch pins with no clock driven by root clock pin: A_reg[0]_rep__23/Q (HIGH)

 There are 16 register/latch pins with no clock driven by root clock pin: A_reg[0]_rep__24/Q (HIGH)

 There are 16 register/latch pins with no clock driven by root clock pin: A_reg[0]_rep__3/Q (HIGH)

 There are 16 register/latch pins with no clock driven by root clock pin: A_reg[0]_rep__4/Q (HIGH)

 There are 16 register/latch pins with no clock driven by root clock pin: A_reg[0]_rep__5/Q (HIGH)

 There are 16 register/latch pins with no clock driven by root clock pin: A_reg[0]_rep__6/Q (HIGH)

 There are 16 register/latch pins with no clock driven by root clock pin: A_reg[0]_rep__7/Q (HIGH)

 There are 16 register/latch pins with no clock driven by root clock pin: A_reg[0]_rep__8/Q (HIGH)

 There are 16 register/latch pins with no clock driven by root clock pin: A_reg[0]_rep__9/Q (HIGH)

 There are 16 register/latch pins with no clock driven by root clock pin: A_reg[1]/Q (HIGH)

 There are 16 register/latch pins with no clock driven by root clock pin: A_reg[1]_rep/Q (HIGH)

 There are 16 register/latch pins with no clock driven by root clock pin: A_reg[1]_rep__0/Q (HIGH)

 There are 16 register/latch pins with no clock driven by root clock pin: A_reg[1]_rep__1/Q (HIGH)

 There are 16 register/latch pins with no clock driven by root clock pin: A_reg[1]_rep__10/Q (HIGH)

 There are 16 register/latch pins with no clock driven by root clock pin: A_reg[1]_rep__11/Q (HIGH)

 There are 16 register/latch pins with no clock driven by root clock pin: A_reg[1]_rep__12/Q (HIGH)

 There are 16 register/latch pins with no clock driven by root clock pin: A_reg[1]_rep__13/Q (HIGH)

 There are 16 register/latch pins with no clock driven by root clock pin: A_reg[1]_rep__14/Q (HIGH)

 There are 16 register/latch pins with no clock driven by root clock pin: A_reg[1]_rep__15/Q (HIGH)

 There are 16 register/latch pins with no clock driven by root clock pin: A_reg[1]_rep__16/Q (HIGH)

 There are 16 register/latch pins with no clock driven by root clock pin: A_reg[1]_rep__17/Q (HIGH)

 There are 16 register/latch pins with no clock driven by root clock pin: A_reg[1]_rep__18/Q (HIGH)

 There are 16 register/latch pins with no clock driven by root clock pin: A_reg[1]_rep__19/Q (HIGH)

 There are 16 register/latch pins with no clock driven by root clock pin: A_reg[1]_rep__2/Q (HIGH)

 There are 16 register/latch pins with no clock driven by root clock pin: A_reg[1]_rep__20/Q (HIGH)

 There are 16 register/latch pins with no clock driven by root clock pin: A_reg[1]_rep__21/Q (HIGH)

 There are 16 register/latch pins with no clock driven by root clock pin: A_reg[1]_rep__22/Q (HIGH)

 There are 16 register/latch pins with no clock driven by root clock pin: A_reg[1]_rep__23/Q (HIGH)

 There are 16 register/latch pins with no clock driven by root clock pin: A_reg[1]_rep__24/Q (HIGH)

 There are 16 register/latch pins with no clock driven by root clock pin: A_reg[1]_rep__25/Q (HIGH)

 There are 16 register/latch pins with no clock driven by root clock pin: A_reg[1]_rep__26/Q (HIGH)

 There are 16 register/latch pins with no clock driven by root clock pin: A_reg[1]_rep__3/Q (HIGH)

 There are 16 register/latch pins with no clock driven by root clock pin: A_reg[1]_rep__4/Q (HIGH)

 There are 16 register/latch pins with no clock driven by root clock pin: A_reg[1]_rep__5/Q (HIGH)

 There are 16 register/latch pins with no clock driven by root clock pin: A_reg[1]_rep__6/Q (HIGH)

 There are 16 register/latch pins with no clock driven by root clock pin: A_reg[1]_rep__7/Q (HIGH)

 There are 16 register/latch pins with no clock driven by root clock pin: A_reg[1]_rep__8/Q (HIGH)

 There are 16 register/latch pins with no clock driven by root clock pin: A_reg[1]_rep__9/Q (HIGH)

 There are 16 register/latch pins with no clock driven by root clock pin: A_reg[2]/Q (HIGH)

 There are 16 register/latch pins with no clock driven by root clock pin: A_reg[2]_rep/Q (HIGH)

 There are 16 register/latch pins with no clock driven by root clock pin: A_reg[2]_rep__0/Q (HIGH)

 There are 16 register/latch pins with no clock driven by root clock pin: A_reg[2]_rep__1/Q (HIGH)

 There are 16 register/latch pins with no clock driven by root clock pin: A_reg[2]_rep__10/Q (HIGH)

 There are 16 register/latch pins with no clock driven by root clock pin: A_reg[2]_rep__11/Q (HIGH)

 There are 16 register/latch pins with no clock driven by root clock pin: A_reg[2]_rep__12/Q (HIGH)

 There are 16 register/latch pins with no clock driven by root clock pin: A_reg[2]_rep__13/Q (HIGH)

 There are 16 register/latch pins with no clock driven by root clock pin: A_reg[2]_rep__14/Q (HIGH)

 There are 16 register/latch pins with no clock driven by root clock pin: A_reg[2]_rep__15/Q (HIGH)

 There are 16 register/latch pins with no clock driven by root clock pin: A_reg[2]_rep__16/Q (HIGH)

 There are 16 register/latch pins with no clock driven by root clock pin: A_reg[2]_rep__17/Q (HIGH)

 There are 16 register/latch pins with no clock driven by root clock pin: A_reg[2]_rep__18/Q (HIGH)

 There are 16 register/latch pins with no clock driven by root clock pin: A_reg[2]_rep__19/Q (HIGH)

 There are 16 register/latch pins with no clock driven by root clock pin: A_reg[2]_rep__2/Q (HIGH)

 There are 16 register/latch pins with no clock driven by root clock pin: A_reg[2]_rep__20/Q (HIGH)

 There are 16 register/latch pins with no clock driven by root clock pin: A_reg[2]_rep__21/Q (HIGH)

 There are 16 register/latch pins with no clock driven by root clock pin: A_reg[2]_rep__22/Q (HIGH)

 There are 16 register/latch pins with no clock driven by root clock pin: A_reg[2]_rep__23/Q (HIGH)

 There are 16 register/latch pins with no clock driven by root clock pin: A_reg[2]_rep__24/Q (HIGH)

 There are 16 register/latch pins with no clock driven by root clock pin: A_reg[2]_rep__25/Q (HIGH)

 There are 16 register/latch pins with no clock driven by root clock pin: A_reg[2]_rep__3/Q (HIGH)

 There are 16 register/latch pins with no clock driven by root clock pin: A_reg[2]_rep__4/Q (HIGH)

 There are 16 register/latch pins with no clock driven by root clock pin: A_reg[2]_rep__5/Q (HIGH)

 There are 16 register/latch pins with no clock driven by root clock pin: A_reg[2]_rep__6/Q (HIGH)

 There are 16 register/latch pins with no clock driven by root clock pin: A_reg[2]_rep__7/Q (HIGH)

 There are 16 register/latch pins with no clock driven by root clock pin: A_reg[2]_rep__8/Q (HIGH)

 There are 16 register/latch pins with no clock driven by root clock pin: A_reg[2]_rep__9/Q (HIGH)

 There are 16 register/latch pins with no clock driven by root clock pin: A_reg[3]/Q (HIGH)

 There are 16 register/latch pins with no clock driven by root clock pin: A_reg[3]_rep/Q (HIGH)

 There are 16 register/latch pins with no clock driven by root clock pin: A_reg[3]_rep__0/Q (HIGH)

 There are 16 register/latch pins with no clock driven by root clock pin: A_reg[3]_rep__1/Q (HIGH)

 There are 16 register/latch pins with no clock driven by root clock pin: A_reg[3]_rep__10/Q (HIGH)

 There are 16 register/latch pins with no clock driven by root clock pin: A_reg[3]_rep__11/Q (HIGH)

 There are 16 register/latch pins with no clock driven by root clock pin: A_reg[3]_rep__12/Q (HIGH)

 There are 16 register/latch pins with no clock driven by root clock pin: A_reg[3]_rep__13/Q (HIGH)

 There are 16 register/latch pins with no clock driven by root clock pin: A_reg[3]_rep__14/Q (HIGH)

 There are 16 register/latch pins with no clock driven by root clock pin: A_reg[3]_rep__15/Q (HIGH)

 There are 16 register/latch pins with no clock driven by root clock pin: A_reg[3]_rep__16/Q (HIGH)

 There are 16 register/latch pins with no clock driven by root clock pin: A_reg[3]_rep__17/Q (HIGH)

 There are 16 register/latch pins with no clock driven by root clock pin: A_reg[3]_rep__18/Q (HIGH)

 There are 16 register/latch pins with no clock driven by root clock pin: A_reg[3]_rep__19/Q (HIGH)

 There are 16 register/latch pins with no clock driven by root clock pin: A_reg[3]_rep__2/Q (HIGH)

 There are 16 register/latch pins with no clock driven by root clock pin: A_reg[3]_rep__20/Q (HIGH)

 There are 16 register/latch pins with no clock driven by root clock pin: A_reg[3]_rep__21/Q (HIGH)

 There are 16 register/latch pins with no clock driven by root clock pin: A_reg[3]_rep__22/Q (HIGH)

 There are 16 register/latch pins with no clock driven by root clock pin: A_reg[3]_rep__23/Q (HIGH)

 There are 16 register/latch pins with no clock driven by root clock pin: A_reg[3]_rep__3/Q (HIGH)

 There are 16 register/latch pins with no clock driven by root clock pin: A_reg[3]_rep__4/Q (HIGH)

 There are 16 register/latch pins with no clock driven by root clock pin: A_reg[3]_rep__5/Q (HIGH)

 There are 16 register/latch pins with no clock driven by root clock pin: A_reg[3]_rep__6/Q (HIGH)

 There are 16 register/latch pins with no clock driven by root clock pin: A_reg[3]_rep__7/Q (HIGH)

 There are 16 register/latch pins with no clock driven by root clock pin: A_reg[3]_rep__8/Q (HIGH)

 There are 16 register/latch pins with no clock driven by root clock pin: A_reg[3]_rep__9/Q (HIGH)

 There are 16 register/latch pins with no clock driven by root clock pin: A_reg[4]_rep/Q (HIGH)

 There are 16 register/latch pins with no clock driven by root clock pin: A_reg[4]_rep__0/Q (HIGH)

 There are 16 register/latch pins with no clock driven by root clock pin: A_reg[4]_rep__1/Q (HIGH)

 There are 16 register/latch pins with no clock driven by root clock pin: A_reg[4]_rep__10/Q (HIGH)

 There are 16 register/latch pins with no clock driven by root clock pin: A_reg[4]_rep__11/Q (HIGH)

 There are 16 register/latch pins with no clock driven by root clock pin: A_reg[4]_rep__12/Q (HIGH)

 There are 16 register/latch pins with no clock driven by root clock pin: A_reg[4]_rep__13/Q (HIGH)

 There are 16 register/latch pins with no clock driven by root clock pin: A_reg[4]_rep__14/Q (HIGH)

 There are 16 register/latch pins with no clock driven by root clock pin: A_reg[4]_rep__15/Q (HIGH)

 There are 16 register/latch pins with no clock driven by root clock pin: A_reg[4]_rep__16/Q (HIGH)

 There are 16 register/latch pins with no clock driven by root clock pin: A_reg[4]_rep__17/Q (HIGH)

 There are 16 register/latch pins with no clock driven by root clock pin: A_reg[4]_rep__18/Q (HIGH)

 There are 16 register/latch pins with no clock driven by root clock pin: A_reg[4]_rep__19/Q (HIGH)

 There are 16 register/latch pins with no clock driven by root clock pin: A_reg[4]_rep__2/Q (HIGH)

 There are 16 register/latch pins with no clock driven by root clock pin: A_reg[4]_rep__20/Q (HIGH)

 There are 16 register/latch pins with no clock driven by root clock pin: A_reg[4]_rep__21/Q (HIGH)

 There are 16 register/latch pins with no clock driven by root clock pin: A_reg[4]_rep__22/Q (HIGH)

 There are 16 register/latch pins with no clock driven by root clock pin: A_reg[4]_rep__23/Q (HIGH)

 There are 16 register/latch pins with no clock driven by root clock pin: A_reg[4]_rep__24/Q (HIGH)

 There are 16 register/latch pins with no clock driven by root clock pin: A_reg[4]_rep__3/Q (HIGH)

 There are 16 register/latch pins with no clock driven by root clock pin: A_reg[4]_rep__4/Q (HIGH)

 There are 16 register/latch pins with no clock driven by root clock pin: A_reg[4]_rep__5/Q (HIGH)

 There are 16 register/latch pins with no clock driven by root clock pin: A_reg[4]_rep__6/Q (HIGH)

 There are 16 register/latch pins with no clock driven by root clock pin: A_reg[4]_rep__7/Q (HIGH)

 There are 16 register/latch pins with no clock driven by root clock pin: A_reg[4]_rep__8/Q (HIGH)

 There are 16 register/latch pins with no clock driven by root clock pin: A_reg[4]_rep__9/Q (HIGH)

 There are 16 register/latch pins with no clock driven by root clock pin: A_reg[5]_rep/Q (HIGH)

 There are 16 register/latch pins with no clock driven by root clock pin: A_reg[5]_rep__0/Q (HIGH)

 There are 16 register/latch pins with no clock driven by root clock pin: A_reg[5]_rep__1/Q (HIGH)

 There are 16 register/latch pins with no clock driven by root clock pin: A_reg[5]_rep__10/Q (HIGH)

 There are 16 register/latch pins with no clock driven by root clock pin: A_reg[5]_rep__11/Q (HIGH)

 There are 16 register/latch pins with no clock driven by root clock pin: A_reg[5]_rep__12/Q (HIGH)

 There are 16 register/latch pins with no clock driven by root clock pin: A_reg[5]_rep__13/Q (HIGH)

 There are 16 register/latch pins with no clock driven by root clock pin: A_reg[5]_rep__14/Q (HIGH)

 There are 16 register/latch pins with no clock driven by root clock pin: A_reg[5]_rep__15/Q (HIGH)

 There are 16 register/latch pins with no clock driven by root clock pin: A_reg[5]_rep__16/Q (HIGH)

 There are 16 register/latch pins with no clock driven by root clock pin: A_reg[5]_rep__17/Q (HIGH)

 There are 16 register/latch pins with no clock driven by root clock pin: A_reg[5]_rep__18/Q (HIGH)

 There are 16 register/latch pins with no clock driven by root clock pin: A_reg[5]_rep__19/Q (HIGH)

 There are 16 register/latch pins with no clock driven by root clock pin: A_reg[5]_rep__2/Q (HIGH)

 There are 16 register/latch pins with no clock driven by root clock pin: A_reg[5]_rep__20/Q (HIGH)

 There are 16 register/latch pins with no clock driven by root clock pin: A_reg[5]_rep__21/Q (HIGH)

 There are 16 register/latch pins with no clock driven by root clock pin: A_reg[5]_rep__22/Q (HIGH)

 There are 16 register/latch pins with no clock driven by root clock pin: A_reg[5]_rep__23/Q (HIGH)

 There are 16 register/latch pins with no clock driven by root clock pin: A_reg[5]_rep__24/Q (HIGH)

 There are 16 register/latch pins with no clock driven by root clock pin: A_reg[5]_rep__3/Q (HIGH)

 There are 16 register/latch pins with no clock driven by root clock pin: A_reg[5]_rep__4/Q (HIGH)

 There are 16 register/latch pins with no clock driven by root clock pin: A_reg[5]_rep__5/Q (HIGH)

 There are 16 register/latch pins with no clock driven by root clock pin: A_reg[5]_rep__6/Q (HIGH)

 There are 16 register/latch pins with no clock driven by root clock pin: A_reg[5]_rep__7/Q (HIGH)

 There are 16 register/latch pins with no clock driven by root clock pin: A_reg[5]_rep__8/Q (HIGH)

 There are 16 register/latch pins with no clock driven by root clock pin: A_reg[5]_rep__9/Q (HIGH)

 There are 16 register/latch pins with no clock driven by root clock pin: A_reg[6]/Q (HIGH)

 There are 16 register/latch pins with no clock driven by root clock pin: A_reg[6]_rep/Q (HIGH)

 There are 16 register/latch pins with no clock driven by root clock pin: A_reg[6]_rep__0/Q (HIGH)

 There are 16 register/latch pins with no clock driven by root clock pin: A_reg[6]_rep__1/Q (HIGH)

 There are 16 register/latch pins with no clock driven by root clock pin: A_reg[6]_rep__10/Q (HIGH)

 There are 16 register/latch pins with no clock driven by root clock pin: A_reg[6]_rep__11/Q (HIGH)

 There are 16 register/latch pins with no clock driven by root clock pin: A_reg[6]_rep__12/Q (HIGH)

 There are 16 register/latch pins with no clock driven by root clock pin: A_reg[6]_rep__13/Q (HIGH)

 There are 16 register/latch pins with no clock driven by root clock pin: A_reg[6]_rep__14/Q (HIGH)

 There are 16 register/latch pins with no clock driven by root clock pin: A_reg[6]_rep__15/Q (HIGH)

 There are 16 register/latch pins with no clock driven by root clock pin: A_reg[6]_rep__16/Q (HIGH)

 There are 16 register/latch pins with no clock driven by root clock pin: A_reg[6]_rep__17/Q (HIGH)

 There are 16 register/latch pins with no clock driven by root clock pin: A_reg[6]_rep__18/Q (HIGH)

 There are 16 register/latch pins with no clock driven by root clock pin: A_reg[6]_rep__19/Q (HIGH)

 There are 16 register/latch pins with no clock driven by root clock pin: A_reg[6]_rep__2/Q (HIGH)

 There are 16 register/latch pins with no clock driven by root clock pin: A_reg[6]_rep__20/Q (HIGH)

 There are 16 register/latch pins with no clock driven by root clock pin: A_reg[6]_rep__21/Q (HIGH)

 There are 16 register/latch pins with no clock driven by root clock pin: A_reg[6]_rep__22/Q (HIGH)

 There are 16 register/latch pins with no clock driven by root clock pin: A_reg[6]_rep__3/Q (HIGH)

 There are 16 register/latch pins with no clock driven by root clock pin: A_reg[6]_rep__4/Q (HIGH)

 There are 16 register/latch pins with no clock driven by root clock pin: A_reg[6]_rep__5/Q (HIGH)

 There are 16 register/latch pins with no clock driven by root clock pin: A_reg[6]_rep__6/Q (HIGH)

 There are 16 register/latch pins with no clock driven by root clock pin: A_reg[6]_rep__7/Q (HIGH)

 There are 16 register/latch pins with no clock driven by root clock pin: A_reg[6]_rep__8/Q (HIGH)

 There are 16 register/latch pins with no clock driven by root clock pin: A_reg[6]_rep__9/Q (HIGH)

 There are 16 register/latch pins with no clock driven by root clock pin: A_reg[7]/Q (HIGH)

 There are 16 register/latch pins with no clock driven by root clock pin: A_reg[7]_rep/Q (HIGH)

 There are 16 register/latch pins with no clock driven by root clock pin: A_reg[7]_rep__0/Q (HIGH)

 There are 16 register/latch pins with no clock driven by root clock pin: A_reg[7]_rep__1/Q (HIGH)

 There are 16 register/latch pins with no clock driven by root clock pin: A_reg[7]_rep__10/Q (HIGH)

 There are 16 register/latch pins with no clock driven by root clock pin: A_reg[7]_rep__100/Q (HIGH)

 There are 16 register/latch pins with no clock driven by root clock pin: A_reg[7]_rep__101/Q (HIGH)

 There are 16 register/latch pins with no clock driven by root clock pin: A_reg[7]_rep__102/Q (HIGH)

 There are 16 register/latch pins with no clock driven by root clock pin: A_reg[7]_rep__103/Q (HIGH)

 There are 16 register/latch pins with no clock driven by root clock pin: A_reg[7]_rep__104/Q (HIGH)

 There are 16 register/latch pins with no clock driven by root clock pin: A_reg[7]_rep__105/Q (HIGH)

 There are 16 register/latch pins with no clock driven by root clock pin: A_reg[7]_rep__106/Q (HIGH)

 There are 16 register/latch pins with no clock driven by root clock pin: A_reg[7]_rep__107/Q (HIGH)

 There are 16 register/latch pins with no clock driven by root clock pin: A_reg[7]_rep__108/Q (HIGH)

 There are 16 register/latch pins with no clock driven by root clock pin: A_reg[7]_rep__109/Q (HIGH)

 There are 16 register/latch pins with no clock driven by root clock pin: A_reg[7]_rep__11/Q (HIGH)

 There are 16 register/latch pins with no clock driven by root clock pin: A_reg[7]_rep__110/Q (HIGH)

 There are 16 register/latch pins with no clock driven by root clock pin: A_reg[7]_rep__111/Q (HIGH)

 There are 16 register/latch pins with no clock driven by root clock pin: A_reg[7]_rep__112/Q (HIGH)

 There are 16 register/latch pins with no clock driven by root clock pin: A_reg[7]_rep__113/Q (HIGH)

 There are 16 register/latch pins with no clock driven by root clock pin: A_reg[7]_rep__114/Q (HIGH)

 There are 16 register/latch pins with no clock driven by root clock pin: A_reg[7]_rep__115/Q (HIGH)

 There are 16 register/latch pins with no clock driven by root clock pin: A_reg[7]_rep__116/Q (HIGH)

 There are 16 register/latch pins with no clock driven by root clock pin: A_reg[7]_rep__117/Q (HIGH)

 There are 16 register/latch pins with no clock driven by root clock pin: A_reg[7]_rep__118/Q (HIGH)

 There are 16 register/latch pins with no clock driven by root clock pin: A_reg[7]_rep__119/Q (HIGH)

 There are 16 register/latch pins with no clock driven by root clock pin: A_reg[7]_rep__12/Q (HIGH)

 There are 16 register/latch pins with no clock driven by root clock pin: A_reg[7]_rep__120/Q (HIGH)

 There are 16 register/latch pins with no clock driven by root clock pin: A_reg[7]_rep__121/Q (HIGH)

 There are 16 register/latch pins with no clock driven by root clock pin: A_reg[7]_rep__122/Q (HIGH)

 There are 16 register/latch pins with no clock driven by root clock pin: A_reg[7]_rep__123/Q (HIGH)

 There are 16 register/latch pins with no clock driven by root clock pin: A_reg[7]_rep__124/Q (HIGH)

 There are 16 register/latch pins with no clock driven by root clock pin: A_reg[7]_rep__125/Q (HIGH)

 There are 16 register/latch pins with no clock driven by root clock pin: A_reg[7]_rep__126/Q (HIGH)

 There are 16 register/latch pins with no clock driven by root clock pin: A_reg[7]_rep__127/Q (HIGH)

 There are 16 register/latch pins with no clock driven by root clock pin: A_reg[7]_rep__128/Q (HIGH)

 There are 16 register/latch pins with no clock driven by root clock pin: A_reg[7]_rep__129/Q (HIGH)

 There are 16 register/latch pins with no clock driven by root clock pin: A_reg[7]_rep__13/Q (HIGH)

 There are 16 register/latch pins with no clock driven by root clock pin: A_reg[7]_rep__130/Q (HIGH)

 There are 16 register/latch pins with no clock driven by root clock pin: A_reg[7]_rep__131/Q (HIGH)

 There are 16 register/latch pins with no clock driven by root clock pin: A_reg[7]_rep__132/Q (HIGH)

 There are 16 register/latch pins with no clock driven by root clock pin: A_reg[7]_rep__133/Q (HIGH)

 There are 16 register/latch pins with no clock driven by root clock pin: A_reg[7]_rep__134/Q (HIGH)

 There are 16 register/latch pins with no clock driven by root clock pin: A_reg[7]_rep__135/Q (HIGH)

 There are 16 register/latch pins with no clock driven by root clock pin: A_reg[7]_rep__136/Q (HIGH)

 There are 16 register/latch pins with no clock driven by root clock pin: A_reg[7]_rep__137/Q (HIGH)

 There are 16 register/latch pins with no clock driven by root clock pin: A_reg[7]_rep__138/Q (HIGH)

 There are 16 register/latch pins with no clock driven by root clock pin: A_reg[7]_rep__139/Q (HIGH)

 There are 16 register/latch pins with no clock driven by root clock pin: A_reg[7]_rep__14/Q (HIGH)

 There are 16 register/latch pins with no clock driven by root clock pin: A_reg[7]_rep__140/Q (HIGH)

 There are 16 register/latch pins with no clock driven by root clock pin: A_reg[7]_rep__141/Q (HIGH)

 There are 16 register/latch pins with no clock driven by root clock pin: A_reg[7]_rep__142/Q (HIGH)

 There are 16 register/latch pins with no clock driven by root clock pin: A_reg[7]_rep__143/Q (HIGH)

 There are 16 register/latch pins with no clock driven by root clock pin: A_reg[7]_rep__144/Q (HIGH)

 There are 16 register/latch pins with no clock driven by root clock pin: A_reg[7]_rep__145/Q (HIGH)

 There are 16 register/latch pins with no clock driven by root clock pin: A_reg[7]_rep__146/Q (HIGH)

 There are 16 register/latch pins with no clock driven by root clock pin: A_reg[7]_rep__147/Q (HIGH)

 There are 16 register/latch pins with no clock driven by root clock pin: A_reg[7]_rep__148/Q (HIGH)

 There are 16 register/latch pins with no clock driven by root clock pin: A_reg[7]_rep__149/Q (HIGH)

 There are 16 register/latch pins with no clock driven by root clock pin: A_reg[7]_rep__15/Q (HIGH)

 There are 16 register/latch pins with no clock driven by root clock pin: A_reg[7]_rep__150/Q (HIGH)

 There are 16 register/latch pins with no clock driven by root clock pin: A_reg[7]_rep__151/Q (HIGH)

 There are 16 register/latch pins with no clock driven by root clock pin: A_reg[7]_rep__152/Q (HIGH)

 There are 16 register/latch pins with no clock driven by root clock pin: A_reg[7]_rep__153/Q (HIGH)

 There are 16 register/latch pins with no clock driven by root clock pin: A_reg[7]_rep__154/Q (HIGH)

 There are 16 register/latch pins with no clock driven by root clock pin: A_reg[7]_rep__155/Q (HIGH)

 There are 16 register/latch pins with no clock driven by root clock pin: A_reg[7]_rep__156/Q (HIGH)

 There are 16 register/latch pins with no clock driven by root clock pin: A_reg[7]_rep__157/Q (HIGH)

 There are 16 register/latch pins with no clock driven by root clock pin: A_reg[7]_rep__158/Q (HIGH)

 There are 16 register/latch pins with no clock driven by root clock pin: A_reg[7]_rep__159/Q (HIGH)

 There are 16 register/latch pins with no clock driven by root clock pin: A_reg[7]_rep__16/Q (HIGH)

 There are 16 register/latch pins with no clock driven by root clock pin: A_reg[7]_rep__160/Q (HIGH)

 There are 16 register/latch pins with no clock driven by root clock pin: A_reg[7]_rep__161/Q (HIGH)

 There are 16 register/latch pins with no clock driven by root clock pin: A_reg[7]_rep__162/Q (HIGH)

 There are 16 register/latch pins with no clock driven by root clock pin: A_reg[7]_rep__163/Q (HIGH)

 There are 16 register/latch pins with no clock driven by root clock pin: A_reg[7]_rep__164/Q (HIGH)

 There are 16 register/latch pins with no clock driven by root clock pin: A_reg[7]_rep__165/Q (HIGH)

 There are 16 register/latch pins with no clock driven by root clock pin: A_reg[7]_rep__166/Q (HIGH)

 There are 16 register/latch pins with no clock driven by root clock pin: A_reg[7]_rep__167/Q (HIGH)

 There are 16 register/latch pins with no clock driven by root clock pin: A_reg[7]_rep__168/Q (HIGH)

 There are 16 register/latch pins with no clock driven by root clock pin: A_reg[7]_rep__169/Q (HIGH)

 There are 16 register/latch pins with no clock driven by root clock pin: A_reg[7]_rep__17/Q (HIGH)

 There are 16 register/latch pins with no clock driven by root clock pin: A_reg[7]_rep__170/Q (HIGH)

 There are 16 register/latch pins with no clock driven by root clock pin: A_reg[7]_rep__171/Q (HIGH)

 There are 16 register/latch pins with no clock driven by root clock pin: A_reg[7]_rep__172/Q (HIGH)

 There are 16 register/latch pins with no clock driven by root clock pin: A_reg[7]_rep__173/Q (HIGH)

 There are 16 register/latch pins with no clock driven by root clock pin: A_reg[7]_rep__174/Q (HIGH)

 There are 16 register/latch pins with no clock driven by root clock pin: A_reg[7]_rep__175/Q (HIGH)

 There are 16 register/latch pins with no clock driven by root clock pin: A_reg[7]_rep__176/Q (HIGH)

 There are 16 register/latch pins with no clock driven by root clock pin: A_reg[7]_rep__177/Q (HIGH)

 There are 16 register/latch pins with no clock driven by root clock pin: A_reg[7]_rep__178/Q (HIGH)

 There are 16 register/latch pins with no clock driven by root clock pin: A_reg[7]_rep__179/Q (HIGH)

 There are 16 register/latch pins with no clock driven by root clock pin: A_reg[7]_rep__18/Q (HIGH)

 There are 16 register/latch pins with no clock driven by root clock pin: A_reg[7]_rep__180/Q (HIGH)

 There are 16 register/latch pins with no clock driven by root clock pin: A_reg[7]_rep__181/Q (HIGH)

 There are 16 register/latch pins with no clock driven by root clock pin: A_reg[7]_rep__182/Q (HIGH)

 There are 16 register/latch pins with no clock driven by root clock pin: A_reg[7]_rep__183/Q (HIGH)

 There are 16 register/latch pins with no clock driven by root clock pin: A_reg[7]_rep__184/Q (HIGH)

 There are 16 register/latch pins with no clock driven by root clock pin: A_reg[7]_rep__185/Q (HIGH)

 There are 16 register/latch pins with no clock driven by root clock pin: A_reg[7]_rep__186/Q (HIGH)

 There are 16 register/latch pins with no clock driven by root clock pin: A_reg[7]_rep__187/Q (HIGH)

 There are 16 register/latch pins with no clock driven by root clock pin: A_reg[7]_rep__188/Q (HIGH)

 There are 16 register/latch pins with no clock driven by root clock pin: A_reg[7]_rep__189/Q (HIGH)

 There are 16 register/latch pins with no clock driven by root clock pin: A_reg[7]_rep__19/Q (HIGH)

 There are 16 register/latch pins with no clock driven by root clock pin: A_reg[7]_rep__190/Q (HIGH)

 There are 16 register/latch pins with no clock driven by root clock pin: A_reg[7]_rep__191/Q (HIGH)

 There are 16 register/latch pins with no clock driven by root clock pin: A_reg[7]_rep__192/Q (HIGH)

 There are 16 register/latch pins with no clock driven by root clock pin: A_reg[7]_rep__193/Q (HIGH)

 There are 16 register/latch pins with no clock driven by root clock pin: A_reg[7]_rep__194/Q (HIGH)

 There are 16 register/latch pins with no clock driven by root clock pin: A_reg[7]_rep__195/Q (HIGH)

 There are 16 register/latch pins with no clock driven by root clock pin: A_reg[7]_rep__196/Q (HIGH)

 There are 16 register/latch pins with no clock driven by root clock pin: A_reg[7]_rep__197/Q (HIGH)

 There are 16 register/latch pins with no clock driven by root clock pin: A_reg[7]_rep__198/Q (HIGH)

 There are 16 register/latch pins with no clock driven by root clock pin: A_reg[7]_rep__199/Q (HIGH)

 There are 16 register/latch pins with no clock driven by root clock pin: A_reg[7]_rep__2/Q (HIGH)

 There are 16 register/latch pins with no clock driven by root clock pin: A_reg[7]_rep__20/Q (HIGH)

 There are 16 register/latch pins with no clock driven by root clock pin: A_reg[7]_rep__200/Q (HIGH)

 There are 16 register/latch pins with no clock driven by root clock pin: A_reg[7]_rep__201/Q (HIGH)

 There are 16 register/latch pins with no clock driven by root clock pin: A_reg[7]_rep__202/Q (HIGH)

 There are 16 register/latch pins with no clock driven by root clock pin: A_reg[7]_rep__203/Q (HIGH)

 There are 16 register/latch pins with no clock driven by root clock pin: A_reg[7]_rep__21/Q (HIGH)

 There are 16 register/latch pins with no clock driven by root clock pin: A_reg[7]_rep__22/Q (HIGH)

 There are 16 register/latch pins with no clock driven by root clock pin: A_reg[7]_rep__23/Q (HIGH)

 There are 16 register/latch pins with no clock driven by root clock pin: A_reg[7]_rep__24/Q (HIGH)

 There are 16 register/latch pins with no clock driven by root clock pin: A_reg[7]_rep__25/Q (HIGH)

 There are 16 register/latch pins with no clock driven by root clock pin: A_reg[7]_rep__26/Q (HIGH)

 There are 16 register/latch pins with no clock driven by root clock pin: A_reg[7]_rep__27/Q (HIGH)

 There are 16 register/latch pins with no clock driven by root clock pin: A_reg[7]_rep__28/Q (HIGH)

 There are 16 register/latch pins with no clock driven by root clock pin: A_reg[7]_rep__29/Q (HIGH)

 There are 16 register/latch pins with no clock driven by root clock pin: A_reg[7]_rep__3/Q (HIGH)

 There are 16 register/latch pins with no clock driven by root clock pin: A_reg[7]_rep__30/Q (HIGH)

 There are 16 register/latch pins with no clock driven by root clock pin: A_reg[7]_rep__31/Q (HIGH)

 There are 16 register/latch pins with no clock driven by root clock pin: A_reg[7]_rep__32/Q (HIGH)

 There are 16 register/latch pins with no clock driven by root clock pin: A_reg[7]_rep__33/Q (HIGH)

 There are 16 register/latch pins with no clock driven by root clock pin: A_reg[7]_rep__34/Q (HIGH)

 There are 16 register/latch pins with no clock driven by root clock pin: A_reg[7]_rep__35/Q (HIGH)

 There are 16 register/latch pins with no clock driven by root clock pin: A_reg[7]_rep__36/Q (HIGH)

 There are 16 register/latch pins with no clock driven by root clock pin: A_reg[7]_rep__37/Q (HIGH)

 There are 16 register/latch pins with no clock driven by root clock pin: A_reg[7]_rep__38/Q (HIGH)

 There are 16 register/latch pins with no clock driven by root clock pin: A_reg[7]_rep__39/Q (HIGH)

 There are 16 register/latch pins with no clock driven by root clock pin: A_reg[7]_rep__4/Q (HIGH)

 There are 16 register/latch pins with no clock driven by root clock pin: A_reg[7]_rep__40/Q (HIGH)

 There are 16 register/latch pins with no clock driven by root clock pin: A_reg[7]_rep__41/Q (HIGH)

 There are 16 register/latch pins with no clock driven by root clock pin: A_reg[7]_rep__42/Q (HIGH)

 There are 16 register/latch pins with no clock driven by root clock pin: A_reg[7]_rep__43/Q (HIGH)

 There are 16 register/latch pins with no clock driven by root clock pin: A_reg[7]_rep__44/Q (HIGH)

 There are 16 register/latch pins with no clock driven by root clock pin: A_reg[7]_rep__45/Q (HIGH)

 There are 16 register/latch pins with no clock driven by root clock pin: A_reg[7]_rep__46/Q (HIGH)

 There are 16 register/latch pins with no clock driven by root clock pin: A_reg[7]_rep__47/Q (HIGH)

 There are 16 register/latch pins with no clock driven by root clock pin: A_reg[7]_rep__48/Q (HIGH)

 There are 16 register/latch pins with no clock driven by root clock pin: A_reg[7]_rep__49/Q (HIGH)

 There are 16 register/latch pins with no clock driven by root clock pin: A_reg[7]_rep__5/Q (HIGH)

 There are 16 register/latch pins with no clock driven by root clock pin: A_reg[7]_rep__50/Q (HIGH)

 There are 16 register/latch pins with no clock driven by root clock pin: A_reg[7]_rep__51/Q (HIGH)

 There are 16 register/latch pins with no clock driven by root clock pin: A_reg[7]_rep__52/Q (HIGH)

 There are 16 register/latch pins with no clock driven by root clock pin: A_reg[7]_rep__53/Q (HIGH)

 There are 16 register/latch pins with no clock driven by root clock pin: A_reg[7]_rep__54/Q (HIGH)

 There are 16 register/latch pins with no clock driven by root clock pin: A_reg[7]_rep__55/Q (HIGH)

 There are 16 register/latch pins with no clock driven by root clock pin: A_reg[7]_rep__56/Q (HIGH)

 There are 16 register/latch pins with no clock driven by root clock pin: A_reg[7]_rep__57/Q (HIGH)

 There are 16 register/latch pins with no clock driven by root clock pin: A_reg[7]_rep__58/Q (HIGH)

 There are 16 register/latch pins with no clock driven by root clock pin: A_reg[7]_rep__59/Q (HIGH)

 There are 16 register/latch pins with no clock driven by root clock pin: A_reg[7]_rep__6/Q (HIGH)

 There are 16 register/latch pins with no clock driven by root clock pin: A_reg[7]_rep__60/Q (HIGH)

 There are 16 register/latch pins with no clock driven by root clock pin: A_reg[7]_rep__61/Q (HIGH)

 There are 16 register/latch pins with no clock driven by root clock pin: A_reg[7]_rep__62/Q (HIGH)

 There are 16 register/latch pins with no clock driven by root clock pin: A_reg[7]_rep__63/Q (HIGH)

 There are 16 register/latch pins with no clock driven by root clock pin: A_reg[7]_rep__64/Q (HIGH)

 There are 16 register/latch pins with no clock driven by root clock pin: A_reg[7]_rep__65/Q (HIGH)

 There are 16 register/latch pins with no clock driven by root clock pin: A_reg[7]_rep__66/Q (HIGH)

 There are 16 register/latch pins with no clock driven by root clock pin: A_reg[7]_rep__67/Q (HIGH)

 There are 16 register/latch pins with no clock driven by root clock pin: A_reg[7]_rep__68/Q (HIGH)

 There are 16 register/latch pins with no clock driven by root clock pin: A_reg[7]_rep__69/Q (HIGH)

 There are 16 register/latch pins with no clock driven by root clock pin: A_reg[7]_rep__7/Q (HIGH)

 There are 16 register/latch pins with no clock driven by root clock pin: A_reg[7]_rep__70/Q (HIGH)

 There are 16 register/latch pins with no clock driven by root clock pin: A_reg[7]_rep__71/Q (HIGH)

 There are 16 register/latch pins with no clock driven by root clock pin: A_reg[7]_rep__72/Q (HIGH)

 There are 16 register/latch pins with no clock driven by root clock pin: A_reg[7]_rep__73/Q (HIGH)

 There are 16 register/latch pins with no clock driven by root clock pin: A_reg[7]_rep__74/Q (HIGH)

 There are 16 register/latch pins with no clock driven by root clock pin: A_reg[7]_rep__75/Q (HIGH)

 There are 16 register/latch pins with no clock driven by root clock pin: A_reg[7]_rep__76/Q (HIGH)

 There are 16 register/latch pins with no clock driven by root clock pin: A_reg[7]_rep__77/Q (HIGH)

 There are 16 register/latch pins with no clock driven by root clock pin: A_reg[7]_rep__78/Q (HIGH)

 There are 16 register/latch pins with no clock driven by root clock pin: A_reg[7]_rep__79/Q (HIGH)

 There are 16 register/latch pins with no clock driven by root clock pin: A_reg[7]_rep__8/Q (HIGH)

 There are 16 register/latch pins with no clock driven by root clock pin: A_reg[7]_rep__80/Q (HIGH)

 There are 16 register/latch pins with no clock driven by root clock pin: A_reg[7]_rep__81/Q (HIGH)

 There are 16 register/latch pins with no clock driven by root clock pin: A_reg[7]_rep__82/Q (HIGH)

 There are 16 register/latch pins with no clock driven by root clock pin: A_reg[7]_rep__83/Q (HIGH)

 There are 16 register/latch pins with no clock driven by root clock pin: A_reg[7]_rep__84/Q (HIGH)

 There are 16 register/latch pins with no clock driven by root clock pin: A_reg[7]_rep__85/Q (HIGH)

 There are 16 register/latch pins with no clock driven by root clock pin: A_reg[7]_rep__86/Q (HIGH)

 There are 16 register/latch pins with no clock driven by root clock pin: A_reg[7]_rep__87/Q (HIGH)

 There are 16 register/latch pins with no clock driven by root clock pin: A_reg[7]_rep__88/Q (HIGH)

 There are 16 register/latch pins with no clock driven by root clock pin: A_reg[7]_rep__89/Q (HIGH)

 There are 16 register/latch pins with no clock driven by root clock pin: A_reg[7]_rep__9/Q (HIGH)

 There are 16 register/latch pins with no clock driven by root clock pin: A_reg[7]_rep__90/Q (HIGH)

 There are 16 register/latch pins with no clock driven by root clock pin: A_reg[7]_rep__91/Q (HIGH)

 There are 16 register/latch pins with no clock driven by root clock pin: A_reg[7]_rep__92/Q (HIGH)

 There are 16 register/latch pins with no clock driven by root clock pin: A_reg[7]_rep__93/Q (HIGH)

 There are 16 register/latch pins with no clock driven by root clock pin: A_reg[7]_rep__94/Q (HIGH)

 There are 16 register/latch pins with no clock driven by root clock pin: A_reg[7]_rep__95/Q (HIGH)

 There are 16 register/latch pins with no clock driven by root clock pin: A_reg[7]_rep__96/Q (HIGH)

 There are 16 register/latch pins with no clock driven by root clock pin: A_reg[7]_rep__97/Q (HIGH)

 There are 16 register/latch pins with no clock driven by root clock pin: A_reg[7]_rep__98/Q (HIGH)

 There are 16 register/latch pins with no clock driven by root clock pin: A_reg[7]_rep__99/Q (HIGH)

 There are 16 register/latch pins with no clock driven by root clock pin: B_reg[0]/Q (HIGH)

 There are 16 register/latch pins with no clock driven by root clock pin: B_reg[0]_rep/Q (HIGH)

 There are 16 register/latch pins with no clock driven by root clock pin: B_reg[1]/Q (HIGH)

 There are 16 register/latch pins with no clock driven by root clock pin: B_reg[1]_rep/Q (HIGH)

 There are 16 register/latch pins with no clock driven by root clock pin: B_reg[2]/Q (HIGH)

 There are 16 register/latch pins with no clock driven by root clock pin: B_reg[3]/Q (HIGH)

 There are 16 register/latch pins with no clock driven by root clock pin: B_reg[4]/Q (HIGH)

 There are 16 register/latch pins with no clock driven by root clock pin: B_reg[5]/Q (HIGH)

 There are 16 register/latch pins with no clock driven by root clock pin: B_reg[5]_rep/Q (HIGH)

 There are 16 register/latch pins with no clock driven by root clock pin: B_reg[6]/Q (HIGH)

 There are 16 register/latch pins with no clock driven by root clock pin: B_reg[6]_rep/Q (HIGH)

 There are 16 register/latch pins with no clock driven by root clock pin: B_reg[6]_rep__0/Q (HIGH)

 There are 16 register/latch pins with no clock driven by root clock pin: B_reg[6]_rep__1/Q (HIGH)

 There are 16 register/latch pins with no clock driven by root clock pin: B_reg[6]_rep__2/Q (HIGH)

 There are 16 register/latch pins with no clock driven by root clock pin: B_reg[6]_rep__3/Q (HIGH)

 There are 16 register/latch pins with no clock driven by root clock pin: B_reg[6]_rep__4/Q (HIGH)

 There are 16 register/latch pins with no clock driven by root clock pin: B_reg[6]_rep__5/Q (HIGH)

 There are 16 register/latch pins with no clock driven by root clock pin: B_reg[7]/Q (HIGH)

 There are 16 register/latch pins with no clock driven by root clock pin: B_reg[7]_rep/Q (HIGH)

 There are 16 register/latch pins with no clock driven by root clock pin: B_reg[7]_rep__0/Q (HIGH)

 There are 16 register/latch pins with no clock driven by root clock pin: B_reg[7]_rep__1/Q (HIGH)

 There are 16 register/latch pins with no clock driven by root clock pin: B_reg[7]_rep__2/Q (HIGH)

 There are 16 register/latch pins with no clock driven by root clock pin: B_reg[7]_rep__3/Q (HIGH)

 There are 16 register/latch pins with no clock driven by root clock pin: B_reg[7]_rep__4/Q (HIGH)

 There are 16 register/latch pins with no clock driven by root clock pin: DIVOP_reg/Q (HIGH)

 There are 16 register/latch pins with no clock driven by root clock pin: EXPOP_reg/Q (HIGH)

 There are 16 register/latch pins with no clock driven by root clock pin: MULOP_reg/Q (HIGH)

 There are 16 register/latch pins with no clock driven by root clock pin: SUBOP_reg/Q (HIGH)

 There are 457 register/latch pins with no clock driven by root clock pin: freq_divider/temp3_reg/Q (HIGH)

 There are 33 register/latch pins with no clock driven by root clock pin: seven_segment_ctrl/DCLK_reg/Q (HIGH)


2. checking constant_clock
--------------------------
 There are 0 register/latch pins with constant_clock.


3. checking pulse_width_clock
-----------------------------
 There are 0 register/latch pins which need pulse_width check


4. checking unconstrained_internal_endpoints
--------------------------------------------
 There are 1567 pins that are not constrained for maximum delay. (HIGH)

 There are 0 pins that are not constrained for maximum delay due to constant clock.


5. checking no_input_delay
--------------------------
 There are 12 input ports with no input delay specified. (HIGH)

 There are 0 input ports with no input delay but user has a false path constraint.


6. checking no_output_delay
---------------------------
 There are 28 ports with no output delay specified. (HIGH)

 There are 0 ports with no output delay but user has a false path constraint

 There are 0 ports with no output delay but with a timing clock defined on it or propagating through it


7. checking multiple_clock
--------------------------
 There are 0 register/latch pins with multiple clocks.


8. checking generated_clocks
----------------------------
 There are 0 generated clocks that are not connected to a clock source.


9. checking loops
-----------------
 There are 0 combinational loops in the design.


10. checking partial_input_delay
--------------------------------
 There are 0 input ports with partial input delay specified.


11. checking partial_output_delay
---------------------------------
 There are 0 ports with partial output delay specified.


12. checking latch_loops
------------------------
 There are 0 combinational latch loops in the design through latch input



------------------------------------------------------------------------------------------------
| Design Timing Summary
| ---------------------
------------------------------------------------------------------------------------------------

    WNS(ns)      TNS(ns)  TNS Failing Endpoints  TNS Total Endpoints      WHS(ns)      THS(ns)  THS Failing Endpoints  THS Total Endpoints     WPWS(ns)     TPWS(ns)  TPWS Failing Endpoints  TPWS Total Endpoints  
    -------      -------  ---------------------  -------------------      -------      -------  ---------------------  -------------------     --------     --------  ----------------------  --------------------  
         NA           NA                     NA                   NA           NA           NA                     NA                   NA           NA           NA                      NA                    NA  


There are no user specified timing constraints.


------------------------------------------------------------------------------------------------
| Clock Summary
| -------------
------------------------------------------------------------------------------------------------


------------------------------------------------------------------------------------------------
| Intra Clock Table
| -----------------
------------------------------------------------------------------------------------------------

Clock             WNS(ns)      TNS(ns)  TNS Failing Endpoints  TNS Total Endpoints      WHS(ns)      THS(ns)  THS Failing Endpoints  THS Total Endpoints     WPWS(ns)     TPWS(ns)  TPWS Failing Endpoints  TPWS Total Endpoints  
-----             -------      -------  ---------------------  -------------------      -------      -------  ---------------------  -------------------     --------     --------  ----------------------  --------------------  


------------------------------------------------------------------------------------------------
| Inter Clock Table
| -----------------
------------------------------------------------------------------------------------------------

From Clock    To Clock          WNS(ns)      TNS(ns)  TNS Failing Endpoints  TNS Total Endpoints      WHS(ns)      THS(ns)  THS Failing Endpoints  THS Total Endpoints  
----------    --------          -------      -------  ---------------------  -------------------      -------      -------  ---------------------  -------------------  


------------------------------------------------------------------------------------------------
| Other Path Groups Table
| -----------------------
------------------------------------------------------------------------------------------------

Path Group    From Clock    To Clock          WNS(ns)      TNS(ns)  TNS Failing Endpoints  TNS Total Endpoints      WHS(ns)      THS(ns)  THS Failing Endpoints  THS Total Endpoints  
----------    ----------    --------          -------      -------  ---------------------  -------------------      -------      -------  ---------------------  -------------------  


------------------------------------------------------------------------------------------------
| Timing Details
| --------------
------------------------------------------------------------------------------------------------


