#-----------------------------------------------------------
# Vivado v2019.1 (64-bit)
# SW Build 2552052 on Fri May 24 14:49:42 MDT 2019
# IP Build 2548770 on Fri May 24 18:01:18 MDT 2019
# Start of session at: Fri Jan 31 10:42:45 2020
# Process ID: 8552
# Current directory: S:/cs2204/exp3/clock
# Command line: vivado.exe -gui_launcher_event rodinguilauncherevent15612 S:\cs2204\exp3\clock\calculator.xpr
# Log file: S:/cs2204/exp3/clock/vivado.log
# Journal file: S:/cs2204/exp3/clock\vivado.jou
#-----------------------------------------------------------
start_gui
open_project -read_only S:/cs2204/exp3/clock/calculator.xpr
Scanning sources...
Finished scanning sources
WARNING: [Project 1-229] Project 'calculator.xpr' is read-only and therefore could not be upgraded for this version of Vivado.  Use 'File | Save Project As...' if you wish to save an upgraded copy.
INFO: [IP_Flow 19-234] Refreshing IP repositories
INFO: [IP_Flow 19-1704] No user IP repositories specified
INFO: [IP_Flow 19-2313] Loaded Vivado IP repository 'C:/Xilinx/Vivado/2019.1/data/ip'.
open_project: Time (s): cpu = 00:00:17 ; elapsed = 00:00:10 . Memory (MB): peak = 681.414 ; gain = 106.504
update_compile_order -fileset sources_1
