#-----------------------------------------------------------
# Vivado v2019.1 (64-bit)
# SW Build 2552052 on Fri May 24 14:49:42 MDT 2019
# IP Build 2548770 on Fri May 24 18:01:18 MDT 2019
# Start of session at: Fri Jan 31 10:42:35 2020
# Process ID: 10880
# Current directory: S:/cs2204/exp3
# Command line: vivado.exe -gui_launcher_event rodinguilauncherevent6652 S:\cs2204\exp3\alu.xpr
# Log file: S:/cs2204/exp3/vivado.log
# Journal file: S:/cs2204/exp3\vivado.jou
#-----------------------------------------------------------
start_gui
open_project S:/cs2204/exp3/alu.xpr
INFO: [Project 1-313] Project file moved from 'S:/cs2204/exp2/calcalu' since last save.
CRITICAL WARNING: [Project 1-311] Could not find the file 'S:/cs2204/exp3/alu_tb.v', nor could it be found using path 'S:/cs2204/exp2/calcalu/alu_tb.v'.
Scanning sources...
Finished scanning sources
WARNING: [filemgmt 56-2] IPUserFilesDir: Could not find the directory 'S:/cs2204/exp3/alu.ip_user_files', nor could it be found using path 'S:/cs2204/exp2/calcalu/alu.ip_user_files'.
INFO: [IP_Flow 19-234] Refreshing IP repositories
INFO: [IP_Flow 19-1704] No user IP repositories specified
INFO: [IP_Flow 19-2313] Loaded Vivado IP repository 'C:/Xilinx/Vivado/2019.1/data/ip'.
open_project: Time (s): cpu = 00:00:23 ; elapsed = 00:00:21 . Memory (MB): peak = 697.836 ; gain = 93.684
update_compile_order -fileset sources_1
update_compile_order -fileset sim_1
exit
INFO: [Common 17-206] Exiting Vivado at Fri Jan 31 10:44:16 2020...
