#-----------------------------------------------------------
# Vivado v2018.3 (64-bit)
# SW Build 2405991 on Thu Dec  6 23:38:27 MST 2018
# IP Build 2404404 on Fri Dec  7 01:43:56 MST 2018
# Start of session at: Tue Oct  8 11:27:03 2019
# Process ID: 15416
# Current directory: C:/haldund/work/academic/cs2204/fall2019/labfiles/exp2/calculatorreference
# Command line: vivado.exe -gui_launcher_event rodinguilauncherevent12068 C:\haldund\work\academic\cs2204\fall2019\labfiles\exp2\calculatorreference\calculator.xpr
# Log file: C:/haldund/work/academic/cs2204/fall2019/labfiles/exp2/calculatorreference/vivado.log
# Journal file: C:/haldund/work/academic/cs2204/fall2019/labfiles/exp2/calculatorreference\vivado.jou
#-----------------------------------------------------------
start_gui
open_project C:/haldund/work/academic/cs2204/fall2019/labfiles/exp2/calculatorreference/calculator.xpr
Scanning sources...
Finished scanning sources
INFO: [IP_Flow 19-234] Refreshing IP repositories
INFO: [IP_Flow 19-1700] Loaded user IP repository 'c:/haldund/work/academic/cs2204/xilinx/2014_2_artix7_sources/XUP_LIB'.
INFO: [IP_Flow 19-2313] Loaded Vivado IP repository 'C:/Xilinx/Vivado/2018.3/data/ip'.
open_project: Time (s): cpu = 00:00:16 ; elapsed = 00:00:06 . Memory (MB): peak = 789.027 ; gain = 164.016
update_compile_order -fileset sources_1
exit
INFO: [Common 17-206] Exiting Vivado at Tue Oct  8 13:19:28 2019...
